
>>>>ERROR: status = -1074396154 (0xBFF60406) Error in RemoveSmallObjects:  ...in RemoveSmallObjects() in C:/WindRiver/workspace/WPILib/Vision/BinaryImage.cpp at line 193
No particles found.


>>>>ERROR: status = -1074396154 (0xBFF60406) ImaqThreshold error:  ...in ComputeThreshold() in C:/WindRiver/workspace/WPILib/Vision/ColorImage.cpp at line 37


>>>>ERROR: status = -1074396154 (0xBFF60406) Error in RemoveSmallObjects:  ...in RemoveSmallObjects() in C:/WindRiver/workspace/WPILib/Vision/BinaryImage.cpp at line 193
No particles found.
River/workspace/WPILib/Vision/ColorImage.cpp at line 37


>>>>ERROR: status = -1074396154 (0xBFF60406) Error in RemoveSmallObjects:  ...in RemoveSmallObjects() in C:/WindRiver/workspace/WPILib/Vision/BinaryImage.cpp at line 193
No particles found.


>>>>ERROR: status = -1074396154 (0xBFF60406) ImaqThreshold error:  ...in ComputeThreshold() in C:/WindRiver/workspace/WPILib/Vision/ColorImage.cpp at line 37


>>>>ERROR: status = -1074396154 (0xBFF60406) Error in RemoveSmallObjects:  ...in RemoveSmallObjects() in C:/WindRiver/workspace/WPILib/Vision/BinaryImage.cpp at line 193
No particles found.


>>>>ERROR: status = -1074396154 (0xBFF60406) ImaqThreshold error:  ...in ComputeThreshold() in C:/WindRiver/workspace/WPILib/Vision/ColorImage.cpp at line 37


>>>>ERROR: status = -1074396154 (0xBFF60406) Error in RemoveSmallObjects:  ...in RemoveSmallObjects() in C:/WindRiver/workspace/WPILib/Vision/BinaryImage.cpp at line 193
No particles found.
0x2ba5e60 (FRC_targeting): memPartAlloc: block too big 1259784 bytes (0x8 aligned) in partition 0x32d6b8


>>>>ERROR: status = -1074396154 (0xBFF60406) ImaqThreshold error:  ...in ComputeThreshold() in C:/WindRiver/workspace/WPILib/Vision/ColorImage.cpp at line 37


>>>>ERROR: status = -1074396154 (0xBFF60406) Error in RemoveSmallObjects:  ...in RemoveSmallObjects() in C:/WindRiver/workspace/WPILib/Vision/BinaryImage.cpp at line 193
No particles found.


>>>>ERROR: status = -1074396154 (0xBFF60406) ImaqThreshold error:  ...in ComputeThreshold() in C:/WindRiver/workspace/WPILib/Vision/ColorImage.cpp at line 37


>>>>0x2ba5e60 (FRC_targeting): memPartAlloc: block too big 1259784 bytes (0x8 aligned) in partition 0x32d6b8


>>>>ERROR: status = -1074396154 (0xBFF60406) ImaqThreshold error:  ...in ComputeThreshold() in C:/WindRiver/workspace/WPILib/Vision/ColorImage.cpp at line 37


>>>>ERROR: status = -1074396154 (0xBFF60406) Error in RemoveSmallObjects:  ...in RemoveSmallObjects() in C:/WindRiver/workspace/WPILib/Vision/BinaryImage.cpp at line 193
No particles found.


>>>>ERROR: status = -1074396154 (0xBFF60406) ImaqThreshold error:  ...in ComputeThreshold() in C:/WindRiver/workspace/WPILib/Vision/ColorImage.cpp at line 37


>>>>0x2ba5e60 (FRC_targeting): memPartAlloc: block too big 1259784 bytes (0x8 aligned) in partition 0x32d6b8


>>>>ERROR: status = -1074396154 (0xBFF60406) ImaqThreshold error:  ...in ComputeThreshold() in C:/WindRiver/workspace/WPILib/Vision/ColorImage.cpp at line 37


>>>>ERROR: status = -1074396154 (0xBFF60406) Error in RemoveSmallObjects:  ...in RemoveSmallObjects() in C:/WindRiver/workspace/WPILib/Vision/BinaryImage.cpp at line 193
No particles found.


>>>>ERROR: status = -1074396154 (0xBFF60406) ImaqThreshold error:  ...in ComputeThreshold() in C:/WindRiver/workspace/WPILib/Vision/ColorImage.cpp at line 37


>>>>ERROR: status = -1074396154 (0xBFF60406) Error in RemoveSmallObjects:  ...in RemoveSmallObjects() in C:/WindRiver/workspace/WPILib/Vision/BinaryImage.cpp at line 193
No particles found.


>>>>ERROR: status = -1074396154 (0xBFF60406) ImaqThreshold error:  ...in ComputeThreshold() in C:/WindRiver/workspace/WPILib/Vision/ColorImage.cpp at line 37


>>>>ERROR: status = -1074396154 (0xBFF60406) Error in RemoveSmallObjects:  ...in RemoveSmallObjects() in C:/WindRiver/workspace/WPILib/Vision/BinaryImage.cpp at line 193
No particles found.
0x2ba5e60 (FRC_targeting): memPartAlloc: block too big 1259784 bytes (0x8 aligned) in partition 0x32d6b8


>>>>task 0x2ba5e60 (FRC_targeting) deleted: errno=0 (0) status=0 (0)
OperatorControl: stop
Default Disabled() method... Override me!
